<?xml version="1.0" encoding="UTF-8"?>
<Site BuildName="Win32-mingw32-make"
	BuildStamp="20240510-1301-Experimental"
	Name="guru"
	Generator="ctest-3.29.3"
	CompilerName=""
	CompilerVersion=""
	OSName="Windows"
	Hostname="guru"
	OSRelease=" Personal"
	OSVersion=" (Build 22631)"
	OSPlatform="AMD64"
	Is64Bits="1"
	VendorString="GenuineIntel"
	VendorID="Intel Corporation"
	FamilyID="6"
	ModelID="12"
	ProcessorCacheSize="-1"
	NumberOfLogicalCPU="8"
	NumberOfPhysicalCPU="4"
	TotalVirtualMemory="14119"
	TotalPhysicalMemory="7975"
	LogicalProcessorsPerPhysical="2"
	ProcessorClockFrequency="2427"
	>
	<Testing>
		<StartDateTime>May 10 19:02 India Standard Time</StartDateTime>
		<StartTestTime>1715347971</StartTestTime>
		<TestList/>
		<EndDateTime>May 10 19:02 India Standard Time</EndDateTime>
		<EndTestTime>1715347971</EndTestTime>
		<ElapsedMinutes>0</ElapsedMinutes>
	</Testing>
</Site>
